{"name":"Log","hostname":"vultr.guest","pid":18123,"level":30,"msg":"Creating table: posts ","time":"2018-05-09T14:16:54.104Z","v":0}
{"name":"Log","hostname":"vultr.guest","pid":18123,"level":30,"msg":"Creating table: posts ","time":"2018-05-09T14:16:54.104Z","v":0}
{"name":"Log","hostname":"vultr.guest","pid":18123,"level":30,"msg":"Creating table: users ","time":"2018-05-09T14:16:54.139Z","v":0}
{"name":"Log","hostname":"vultr.guest","pid":18123,"level":30,"msg":"Creating table: users ","time":"2018-05-09T14:16:54.139Z","v":0}
{"name":"Log","hostname":"vultr.guest","pid":18123,"level":30,"msg":"Creating table: posts_authors ","time":"2018-05-09T14:16:54.181Z","v":0}
{"name":"Log","hostname":"vultr.guest","pid":18123,"level":30,"msg":"Creating table: posts_authors ","time":"2018-05-09T14:16:54.181Z","v":0}
{"name":"Log","hostname":"vultr.guest","pid":18123,"level":30,"msg":"Creating table: roles ","time":"2018-05-09T14:16:54.226Z","v":0}
{"name":"Log","hostname":"vultr.guest","pid":18123,"level":30,"msg":"Creating table: roles ","time":"2018-05-09T14:16:54.226Z","v":0}
{"name":"Log","hostname":"vultr.guest","pid":18123,"level":30,"msg":"Creating table: roles_users ","time":"2018-05-09T14:16:54.254Z","v":0}
{"name":"Log","hostname":"vultr.guest","pid":18123,"level":30,"msg":"Creating table: roles_users ","time":"2018-05-09T14:16:54.254Z","v":0}
{"name":"Log","hostname":"vultr.guest","pid":18123,"level":30,"msg":"Creating table: permissions ","time":"2018-05-09T14:16:54.298Z","v":0}
{"name":"Log","hostname":"vultr.guest","pid":18123,"level":30,"msg":"Creating table: permissions ","time":"2018-05-09T14:16:54.298Z","v":0}
{"name":"Log","hostname":"vultr.guest","pid":18123,"level":30,"msg":"Creating table: permissions_users ","time":"2018-05-09T14:16:54.500Z","v":0}
{"name":"Log","hostname":"vultr.guest","pid":18123,"level":30,"msg":"Creating table: permissions_users ","time":"2018-05-09T14:16:54.501Z","v":0}
{"name":"Log","hostname":"vultr.guest","pid":18123,"level":30,"msg":"Creating table: permissions_roles ","time":"2018-05-09T14:16:54.520Z","v":0}
{"name":"Log","hostname":"vultr.guest","pid":18123,"level":30,"msg":"Creating table: permissions_roles ","time":"2018-05-09T14:16:54.520Z","v":0}
{"name":"Log","hostname":"vultr.guest","pid":18123,"level":30,"msg":"Creating table: permissions_apps ","time":"2018-05-09T14:16:54.542Z","v":0}
{"name":"Log","hostname":"vultr.guest","pid":18123,"level":30,"msg":"Creating table: permissions_apps ","time":"2018-05-09T14:16:54.542Z","v":0}
{"name":"Log","hostname":"vultr.guest","pid":18123,"level":30,"msg":"Creating table: settings ","time":"2018-05-09T14:16:54.564Z","v":0}
{"name":"Log","hostname":"vultr.guest","pid":18123,"level":30,"msg":"Creating table: settings ","time":"2018-05-09T14:16:54.565Z","v":0}
{"name":"Log","hostname":"vultr.guest","pid":18123,"level":30,"msg":"Creating table: tags ","time":"2018-05-09T14:16:54.591Z","v":0}
{"name":"Log","hostname":"vultr.guest","pid":18123,"level":30,"msg":"Creating table: tags ","time":"2018-05-09T14:16:54.591Z","v":0}
{"name":"Log","hostname":"vultr.guest","pid":18123,"level":30,"msg":"Creating table: posts_tags ","time":"2018-05-09T14:16:54.623Z","v":0}
{"name":"Log","hostname":"vultr.guest","pid":18123,"level":30,"msg":"Creating table: posts_tags ","time":"2018-05-09T14:16:54.623Z","v":0}
{"name":"Log","hostname":"vultr.guest","pid":18123,"level":30,"msg":"Creating table: apps ","time":"2018-05-09T14:16:54.664Z","v":0}
{"name":"Log","hostname":"vultr.guest","pid":18123,"level":30,"msg":"Creating table: apps ","time":"2018-05-09T14:16:54.664Z","v":0}
{"name":"Log","hostname":"vultr.guest","pid":18123,"level":30,"msg":"Creating table: app_settings ","time":"2018-05-09T14:16:54.707Z","v":0}
{"name":"Log","hostname":"vultr.guest","pid":18123,"level":30,"msg":"Creating table: app_settings ","time":"2018-05-09T14:16:54.708Z","v":0}
{"name":"Log","hostname":"vultr.guest","pid":18123,"level":30,"msg":"Creating table: app_fields ","time":"2018-05-09T14:16:54.744Z","v":0}
{"name":"Log","hostname":"vultr.guest","pid":18123,"level":30,"msg":"Creating table: app_fields ","time":"2018-05-09T14:16:54.744Z","v":0}
{"name":"Log","hostname":"vultr.guest","pid":18123,"level":30,"msg":"Creating table: clients ","time":"2018-05-09T14:16:54.774Z","v":0}
{"name":"Log","hostname":"vultr.guest","pid":18123,"level":30,"msg":"Creating table: clients ","time":"2018-05-09T14:16:54.774Z","v":0}
{"name":"Log","hostname":"vultr.guest","pid":18123,"level":30,"msg":"Creating table: client_trusted_domains ","time":"2018-05-09T14:16:54.819Z","v":0}
{"name":"Log","hostname":"vultr.guest","pid":18123,"level":30,"msg":"Creating table: client_trusted_domains ","time":"2018-05-09T14:16:54.819Z","v":0}
{"name":"Log","hostname":"vultr.guest","pid":18123,"level":30,"msg":"Creating table: accesstokens ","time":"2018-05-09T14:16:54.847Z","v":0}
{"name":"Log","hostname":"vultr.guest","pid":18123,"level":30,"msg":"Creating table: accesstokens ","time":"2018-05-09T14:16:54.847Z","v":0}
{"name":"Log","hostname":"vultr.guest","pid":18123,"level":30,"msg":"Creating table: refreshtokens ","time":"2018-05-09T14:16:54.914Z","v":0}
{"name":"Log","hostname":"vultr.guest","pid":18123,"level":30,"msg":"Creating table: refreshtokens ","time":"2018-05-09T14:16:54.914Z","v":0}
{"name":"Log","hostname":"vultr.guest","pid":18123,"level":30,"msg":"Creating table: subscribers ","time":"2018-05-09T14:16:54.964Z","v":0}
{"name":"Log","hostname":"vultr.guest","pid":18123,"level":30,"msg":"Creating table: subscribers ","time":"2018-05-09T14:16:54.964Z","v":0}
{"name":"Log","hostname":"vultr.guest","pid":18123,"level":30,"msg":"Creating table: invites ","time":"2018-05-09T14:16:54.993Z","v":0}
{"name":"Log","hostname":"vultr.guest","pid":18123,"level":30,"msg":"Creating table: invites ","time":"2018-05-09T14:16:54.993Z","v":0}
{"name":"Log","hostname":"vultr.guest","pid":18123,"level":30,"msg":"Creating table: brute ","time":"2018-05-09T14:16:55.028Z","v":0}
{"name":"Log","hostname":"vultr.guest","pid":18123,"level":30,"msg":"Creating table: brute ","time":"2018-05-09T14:16:55.028Z","v":0}
{"name":"Log","hostname":"vultr.guest","pid":18123,"level":30,"msg":"Creating table: webhooks ","time":"2018-05-09T14:16:55.035Z","v":0}
{"name":"Log","hostname":"vultr.guest","pid":18123,"level":30,"msg":"Creating table: webhooks ","time":"2018-05-09T14:16:55.035Z","v":0}
{"name":"Log","hostname":"vultr.guest","pid":18123,"level":30,"msg":"Model: Tag ","time":"2018-05-09T14:16:55.056Z","v":0}
{"name":"Log","hostname":"vultr.guest","pid":18123,"level":30,"msg":"Model: Tag ","time":"2018-05-09T14:16:55.056Z","v":0}
{"name":"Log","hostname":"vultr.guest","pid":18123,"level":30,"msg":"Model: Client ","time":"2018-05-09T14:16:55.081Z","v":0}
{"name":"Log","hostname":"vultr.guest","pid":18123,"level":30,"msg":"Model: Client ","time":"2018-05-09T14:16:55.081Z","v":0}
{"name":"Log","hostname":"vultr.guest","pid":18123,"level":30,"msg":"Model: Role ","time":"2018-05-09T14:16:55.105Z","v":0}
{"name":"Log","hostname":"vultr.guest","pid":18123,"level":30,"msg":"Model: Role ","time":"2018-05-09T14:16:55.105Z","v":0}
{"name":"Log","hostname":"vultr.guest","pid":18123,"level":30,"msg":"Model: Permission ","time":"2018-05-09T14:16:55.144Z","v":0}
{"name":"Log","hostname":"vultr.guest","pid":18123,"level":30,"msg":"Model: Permission ","time":"2018-05-09T14:16:55.145Z","v":0}
{"name":"Log","hostname":"vultr.guest","pid":18123,"level":30,"msg":"Model: User ","time":"2018-05-09T14:16:55.342Z","v":0}
{"name":"Log","hostname":"vultr.guest","pid":18123,"level":30,"msg":"Model: User ","time":"2018-05-09T14:16:55.342Z","v":0}
{"name":"Log","hostname":"vultr.guest","pid":18123,"level":30,"msg":"Model: Post ","time":"2018-05-09T14:16:55.662Z","v":0}
{"name":"Log","hostname":"vultr.guest","pid":18123,"level":30,"msg":"Model: Post ","time":"2018-05-09T14:16:55.662Z","v":0}
{"name":"Log","hostname":"vultr.guest","pid":18123,"level":30,"msg":"Relation: Role to Permission ","time":"2018-05-09T14:16:55.977Z","v":0}
{"name":"Log","hostname":"vultr.guest","pid":18123,"level":30,"msg":"Relation: Role to Permission ","time":"2018-05-09T14:16:55.977Z","v":0}
{"name":"Log","hostname":"vultr.guest","pid":18123,"level":30,"msg":"Relation: Post to Tag ","time":"2018-05-09T14:16:56.240Z","v":0}
{"name":"Log","hostname":"vultr.guest","pid":18123,"level":30,"msg":"Relation: Post to Tag ","time":"2018-05-09T14:16:56.240Z","v":0}
{"name":"Log","hostname":"vultr.guest","pid":18123,"level":30,"msg":"Relation: User to Role ","time":"2018-05-09T14:16:56.275Z","v":0}
{"name":"Log","hostname":"vultr.guest","pid":18123,"level":30,"msg":"Relation: User to Role ","time":"2018-05-09T14:16:56.275Z","v":0}
{"name":"Log","hostname":"vultr.guest","pid":18182,"level":40,"msg":"Theme's file locales/en.json not found. ","time":"2018-05-09T14:19:31.892Z","v":0}
{"name":"Log","hostname":"vultr.guest","pid":18182,"level":40,"msg":"Theme's file locales/en.json not found. ","time":"2018-05-09T14:19:31.892Z","v":0}
{"name":"Log","hostname":"vultr.guest","pid":18182,"level":30,"msg":"Ghost is running in production... ","time":"2018-05-09T14:19:32.108Z","v":0}
{"name":"Log","hostname":"vultr.guest","pid":18182,"level":30,"msg":"Ghost is running in production... ","time":"2018-05-09T14:19:32.108Z","v":0}
{"name":"Log","hostname":"vultr.guest","pid":18182,"level":30,"msg":"Your blog is now available on http://localhost:2368/ ","time":"2018-05-09T14:19:32.110Z","v":0}
{"name":"Log","hostname":"vultr.guest","pid":18182,"level":30,"msg":"Ctrl+C to shut down ","time":"2018-05-09T14:19:32.111Z","v":0}
{"name":"Log","hostname":"vultr.guest","pid":18182,"level":30,"msg":"Your blog is now available on http://localhost:2368/ ","time":"2018-05-09T14:19:32.110Z","v":0}
{"name":"Log","hostname":"vultr.guest","pid":18182,"level":30,"msg":"Ctrl+C to shut down ","time":"2018-05-09T14:19:32.111Z","v":0}
{"name":"Log","hostname":"vultr.guest","pid":18182,"level":30,"msg":"Ghost boot 1.895s ","time":"2018-05-09T14:19:32.113Z","v":0}
{"name":"Log","hostname":"vultr.guest","pid":18182,"level":30,"msg":"Ghost boot 1.895s ","time":"2018-05-09T14:19:32.113Z","v":0}
{"name":"Log","hostname":"vultr.guest","pid":18182,"level":30,"req":{"meta":{"requestId":"a71109d0-539e-11e8-8df5-4f90acbe6945","userId":null},"url":"/","method":"GET","originalUrl":"/","params":{},"headers":{"x-real-ip":"36.149.130.219","host":"timemeet.me","connection":"close","upgrade-insecure-requests":"1","accept":"text/html,application/xhtml+xml,application/xml;q=0.9,*/*;q=0.8","user-agent":"Mozilla/5.0 (Macintosh; Intel Mac OS X 10_13_2) AppleWebKit/604.4.7 (KHTML, like Gecko) Version/11.0.2 Safari/604.4.7","accept-language":"zh-cn","accept-encoding":"gzip, deflate"},"body":{},"query":{}},"res":{"_headers":{"x-powered-by":"Express","cache-control":"public, max-age=0","content-type":"text/html; charset=utf-8","etag":"W/\"4160-3Pmg9tSjBZn4/fpbdT4pame1+BI\"","vary":"Accept-Encoding","content-encoding":"gzip"},"statusCode":200,"responseTime":"395ms"},"msg":"","time":"2018-05-09T15:35:51.163Z","v":0}
{"name":"Log","hostname":"vultr.guest","pid":18182,"level":30,"req":{"meta":{"requestId":"a71109d0-539e-11e8-8df5-4f90acbe6945","userId":null},"url":"/","method":"GET","originalUrl":"/","params":{},"headers":{"x-real-ip":"36.149.130.219","host":"timemeet.me","connection":"close","upgrade-insecure-requests":"1","accept":"text/html,application/xhtml+xml,application/xml;q=0.9,*/*;q=0.8","user-agent":"Mozilla/5.0 (Macintosh; Intel Mac OS X 10_13_2) AppleWebKit/604.4.7 (KHTML, like Gecko) Version/11.0.2 Safari/604.4.7","accept-language":"zh-cn","accept-encoding":"gzip, deflate"},"body":{},"query":{}},"res":{"_headers":{"x-powered-by":"Express","cache-control":"public, max-age=0","content-type":"text/html; charset=utf-8","etag":"W/\"4160-3Pmg9tSjBZn4/fpbdT4pame1+BI\"","vary":"Accept-Encoding","content-encoding":"gzip"},"statusCode":200,"responseTime":"395ms"},"msg":"","time":"2018-05-09T15:35:51.163Z","v":0}
{"name":"Log","hostname":"vultr.guest","pid":18182,"level":30,"req":{"meta":{"requestId":"a7603b40-539e-11e8-8df5-4f90acbe6945","userId":null},"url":"/assets/built/screen.css?v=8ab1f4454e","method":"GET","originalUrl":"/assets/built/screen.css?v=8ab1f4454e","params":{},"headers":{"x-real-ip":"36.149.130.219","host":"timemeet.me","connection":"close","accept":"text/css,*/*;q=0.1","user-agent":"Mozilla/5.0 (Macintosh; Intel Mac OS X 10_13_2) AppleWebKit/604.4.7 (KHTML, like Gecko) Version/11.0.2 Safari/604.4.7","accept-language":"zh-cn","referer":"http://timemeet.me/","accept-encoding":"gzip, deflate"},"body":{},"query":{"v":"8ab1f4454e"}},"res":{"_headers":{"x-powered-by":"Express","accept-ranges":"bytes","cache-control":"public, max-age=31536000","last-modified":"Wed, 09 May 2018 08:21:16 GMT","etag":"W/\"8555-16343fd7c60\"","content-type":"text/css; charset=UTF-8","vary":"Accept-Encoding","content-encoding":"gzip"},"statusCode":200,"responseTime":"7ms"},"msg":"","time":"2018-05-09T15:35:51.293Z","v":0}
{"name":"Log","hostname":"vultr.guest","pid":18182,"level":30,"req":{"meta":{"requestId":"a7603b40-539e-11e8-8df5-4f90acbe6945","userId":null},"url":"/assets/built/screen.css?v=8ab1f4454e","method":"GET","originalUrl":"/assets/built/screen.css?v=8ab1f4454e","params":{},"headers":{"x-real-ip":"36.149.130.219","host":"timemeet.me","connection":"close","accept":"text/css,*/*;q=0.1","user-agent":"Mozilla/5.0 (Macintosh; Intel Mac OS X 10_13_2) AppleWebKit/604.4.7 (KHTML, like Gecko) Version/11.0.2 Safari/604.4.7","accept-language":"zh-cn","referer":"http://timemeet.me/","accept-encoding":"gzip, deflate"},"body":{},"query":{"v":"8ab1f4454e"}},"res":{"_headers":{"x-powered-by":"Express","accept-ranges":"bytes","cache-control":"public, max-age=31536000","last-modified":"Wed, 09 May 2018 08:21:16 GMT","etag":"W/\"8555-16343fd7c60\"","content-type":"text/css; charset=UTF-8","vary":"Accept-Encoding","content-encoding":"gzip"},"statusCode":200,"responseTime":"7ms"},"msg":"","time":"2018-05-09T15:35:51.293Z","v":0}
{"name":"Log","hostname":"vultr.guest","pid":18182,"level":30,"req":{"meta":{"requestId":"a76ee140-539e-11e8-8df5-4f90acbe6945","userId":null},"url":"/public/ghost-sdk.min.js?v=8ab1f4454e","method":"GET","originalUrl":"/public/ghost-sdk.min.js?v=8ab1f4454e","params":{},"headers":{"x-real-ip":"36.149.130.219","host":"timemeet.me","connection":"close","accept":"*/*","user-agent":"Mozilla/5.0 (Macintosh; Intel Mac OS X 10_13_2) AppleWebKit/604.4.7 (KHTML, like Gecko) Version/11.0.2 Safari/604.4.7","accept-language":"zh-cn","referer":"http://timemeet.me/","accept-encoding":"gzip, deflate"},"body":{},"query":{"v":"8ab1f4454e"}},"res":{"_headers":{"x-powered-by":"Express","content-type":"application/javascript","content-length":744,"etag":"\"3b27efb70a1ecff34761b30527ec944c\"","cache-control":"public, max-age=31536000","vary":"Accept-Encoding"},"statusCode":200,"responseTime":"3ms"},"msg":"","time":"2018-05-09T15:35:51.386Z","v":0}
{"name":"Log","hostname":"vultr.guest","pid":18182,"level":30,"req":{"meta":{"requestId":"a76ee140-539e-11e8-8df5-4f90acbe6945","userId":null},"url":"/public/ghost-sdk.min.js?v=8ab1f4454e","method":"GET","originalUrl":"/public/ghost-sdk.min.js?v=8ab1f4454e","params":{},"headers":{"x-real-ip":"36.149.130.219","host":"timemeet.me","connection":"close","accept":"*/*","user-agent":"Mozilla/5.0 (Macintosh; Intel Mac OS X 10_13_2) AppleWebKit/604.4.7 (KHTML, like Gecko) Version/11.0.2 Safari/604.4.7","accept-language":"zh-cn","referer":"http://timemeet.me/","accept-encoding":"gzip, deflate"},"body":{},"query":{"v":"8ab1f4454e"}},"res":{"_headers":{"x-powered-by":"Express","content-type":"application/javascript","content-length":744,"etag":"\"3b27efb70a1ecff34761b30527ec944c\"","cache-control":"public, max-age=31536000","vary":"Accept-Encoding"},"statusCode":200,"responseTime":"3ms"},"msg":"","time":"2018-05-09T15:35:51.386Z","v":0}
{"name":"Log","hostname":"vultr.guest","pid":18182,"level":30,"req":{"meta":{"requestId":"a76ff2b0-539e-11e8-8df5-4f90acbe6945","userId":null},"url":"/assets/js/jquery.fitvids.js?v=8ab1f4454e","method":"GET","originalUrl":"/assets/js/jquery.fitvids.js?v=8ab1f4454e","params":{},"headers":{"x-real-ip":"36.149.130.219","host":"timemeet.me","connection":"close","accept":"*/*","user-agent":"Mozilla/5.0 (Macintosh; Intel Mac OS X 10_13_2) AppleWebKit/604.4.7 (KHTML, like Gecko) Version/11.0.2 Safari/604.4.7","accept-language":"zh-cn","referer":"http://timemeet.me/","accept-encoding":"gzip, deflate"},"body":{},"query":{"v":"8ab1f4454e"}},"res":{"_headers":{"x-powered-by":"Express","accept-ranges":"bytes","cache-control":"public, max-age=31536000","last-modified":"Wed, 09 May 2018 08:21:16 GMT","etag":"W/\"d76-16343fd7c60\"","content-type":"application/javascript; charset=UTF-8","vary":"Accept-Encoding","content-encoding":"gzip"},"statusCode":200,"responseTime":"4ms"},"msg":"","time":"2018-05-09T15:35:51.392Z","v":0}
{"name":"Log","hostname":"vultr.guest","pid":18182,"level":30,"req":{"meta":{"requestId":"a76ff2b0-539e-11e8-8df5-4f90acbe6945","userId":null},"url":"/assets/js/jquery.fitvids.js?v=8ab1f4454e","method":"GET","originalUrl":"/assets/js/jquery.fitvids.js?v=8ab1f4454e","params":{},"headers":{"x-real-ip":"36.149.130.219","host":"timemeet.me","connection":"close","accept":"*/*","user-agent":"Mozilla/5.0 (Macintosh; Intel Mac OS X 10_13_2) AppleWebKit/604.4.7 (KHTML, like Gecko) Version/11.0.2 Safari/604.4.7","accept-language":"zh-cn","referer":"http://timemeet.me/","accept-encoding":"gzip, deflate"},"body":{},"query":{"v":"8ab1f4454e"}},"res":{"_headers":{"x-powered-by":"Express","accept-ranges":"bytes","cache-control":"public, max-age=31536000","last-modified":"Wed, 09 May 2018 08:21:16 GMT","etag":"W/\"d76-16343fd7c60\"","content-type":"application/javascript; charset=UTF-8","vary":"Accept-Encoding","content-encoding":"gzip"},"statusCode":200,"responseTime":"4ms"},"msg":"","time":"2018-05-09T15:35:51.392Z","v":0}
{"name":"Log","hostname":"vultr.guest","pid":18182,"level":30,"req":{"meta":{"requestId":"a770b600-539e-11e8-8df5-4f90acbe6945","userId":null},"url":"/assets/js/infinitescroll.js?v=8ab1f4454e","method":"GET","originalUrl":"/assets/js/infinitescroll.js?v=8ab1f4454e","params":{},"headers":{"x-real-ip":"36.149.130.219","host":"timemeet.me","connection":"close","accept":"*/*","user-agent":"Mozilla/5.0 (Macintosh; Intel Mac OS X 10_13_2) AppleWebKit/604.4.7 (KHTML, like Gecko) Version/11.0.2 Safari/604.4.7","accept-language":"zh-cn","referer":"http://timemeet.me/","accept-encoding":"gzip, deflate"},"body":{},"query":{"v":"8ab1f4454e"}},"res":{"_headers":{"x-powered-by":"Express","accept-ranges":"bytes","cache-control":"public, max-age=31536000","last-modified":"Wed, 09 May 2018 08:21:16 GMT","etag":"W/\"dc6-16343fd7c60\"","content-type":"application/javascript; charset=UTF-8","vary":"Accept-Encoding","content-encoding":"gzip"},"statusCode":200,"responseTime":"3ms"},"msg":"","time":"2018-05-09T15:35:51.396Z","v":0}
{"name":"Log","hostname":"vultr.guest","pid":18182,"level":30,"req":{"meta":{"requestId":"a770b600-539e-11e8-8df5-4f90acbe6945","userId":null},"url":"/assets/js/infinitescroll.js?v=8ab1f4454e","method":"GET","originalUrl":"/assets/js/infinitescroll.js?v=8ab1f4454e","params":{},"headers":{"x-real-ip":"36.149.130.219","host":"timemeet.me","connection":"close","accept":"*/*","user-agent":"Mozilla/5.0 (Macintosh; Intel Mac OS X 10_13_2) AppleWebKit/604.4.7 (KHTML, like Gecko) Version/11.0.2 Safari/604.4.7","accept-language":"zh-cn","referer":"http://timemeet.me/","accept-encoding":"gzip, deflate"},"body":{},"query":{"v":"8ab1f4454e"}},"res":{"_headers":{"x-powered-by":"Express","accept-ranges":"bytes","cache-control":"public, max-age=31536000","last-modified":"Wed, 09 May 2018 08:21:16 GMT","etag":"W/\"dc6-16343fd7c60\"","content-type":"application/javascript; charset=UTF-8","vary":"Accept-Encoding","content-encoding":"gzip"},"statusCode":200,"responseTime":"3ms"},"msg":"","time":"2018-05-09T15:35:51.396Z","v":0}
{"name":"Log","hostname":"vultr.guest","pid":18182,"level":30,"req":{"meta":{"requestId":"e7bf75b0-539f-11e8-8df5-4f90acbe6945","userId":null},"url":"/","method":"GET","originalUrl":"/","params":{},"headers":{"x-real-ip":"36.149.130.219","host":"timemeet.me","connection":"close","if-none-match":"W/\"4160-3Pmg9tSjBZn4/fpbdT4pame1+BI\"","upgrade-insecure-requests":"1","accept":"text/html,application/xhtml+xml,application/xml;q=0.9,*/*;q=0.8","user-agent":"Mozilla/5.0 (Macintosh; Intel Mac OS X 10_13_2) AppleWebKit/604.4.7 (KHTML, like Gecko) Version/11.0.2 Safari/604.4.7","accept-language":"zh-cn","accept-encoding":"gzip, deflate"},"body":{},"query":{}},"res":{"_headers":{"x-powered-by":"Express","cache-control":"public, max-age=0","etag":"W/\"4160-3Pmg9tSjBZn4/fpbdT4pame1+BI\""},"statusCode":304,"responseTime":"68ms"},"msg":"","time":"2018-05-09T15:44:48.849Z","v":0}
{"name":"Log","hostname":"vultr.guest","pid":18182,"level":30,"req":{"meta":{"requestId":"e7bf75b0-539f-11e8-8df5-4f90acbe6945","userId":null},"url":"/","method":"GET","originalUrl":"/","params":{},"headers":{"x-real-ip":"36.149.130.219","host":"timemeet.me","connection":"close","if-none-match":"W/\"4160-3Pmg9tSjBZn4/fpbdT4pame1+BI\"","upgrade-insecure-requests":"1","accept":"text/html,application/xhtml+xml,application/xml;q=0.9,*/*;q=0.8","user-agent":"Mozilla/5.0 (Macintosh; Intel Mac OS X 10_13_2) AppleWebKit/604.4.7 (KHTML, like Gecko) Version/11.0.2 Safari/604.4.7","accept-language":"zh-cn","accept-encoding":"gzip, deflate"},"body":{},"query":{}},"res":{"_headers":{"x-powered-by":"Express","cache-control":"public, max-age=0","etag":"W/\"4160-3Pmg9tSjBZn4/fpbdT4pame1+BI\""},"statusCode":304,"responseTime":"68ms"},"msg":"","time":"2018-05-09T15:44:48.849Z","v":0}
{"name":"Log","hostname":"vultr.guest","pid":18182,"level":40,"msg":"Ghost has shut down ","time":"2018-05-09T15:44:55.896Z","v":0}
{"name":"Log","hostname":"vultr.guest","pid":18182,"level":40,"msg":"Ghost has shut down ","time":"2018-05-09T15:44:55.896Z","v":0}
